Aragorn@Ketch
/rhe/src/util
%make
Using pattern rule %.exe:%.cpp to compile alphdirs.cpp to alphdirs.exe:
g++ -I /rhe/include -Wall -std=c++11 -Os -s alphdirs.cpp -L/rhe/lib -lrh -lfl -ly -lm -o /rhe/bin/util/alphdirs.exe
alphdirs.exe is up to date.
~~~~~~~~~~~~~~~~~~~~~~~~~~~~~~~~~~~~~~~~~~~~~~~~~~~~~~~~~~~~~~~~~
Using pattern rule %.exe:%.cpp to compile boxify.cpp to boxify.exe:
g++ -I /rhe/include -Wall -std=c++11 -Os -s boxify.cpp -L/rhe/lib -lrh -lfl -ly -lm -o /rhe/bin/util/boxify.exe
boxify.exe is up to date.
~~~~~~~~~~~~~~~~~~~~~~~~~~~~~~~~~~~~~~~~~~~~~~~~~~~~~~~~~~~~~~~~~
Using pattern rule %.exe:%.c to compile celsfahr.c to celsfahr.exe:
gcc  -I /rhe/include -Wall -Os -s   celsfahr.c -L/rhe/lib -lrh -lfl -ly -lm -o /rhe/bin/util/celsfahr.exe
celsfahr.exe is up to date.
~~~~~~~~~~~~~~~~~~~~~~~~~~~~~~~~~~~~~~~~~~~~~~~~~~~~~~~~~~~~~~~~~
Using pattern rule %.exe:%.c to compile celsfahrtable.c to celsfahrtable.exe:
gcc  -I /rhe/include -Wall -Os -s   celsfahrtable.c -L/rhe/lib -lrh -lfl -ly -lm -o /rhe/bin/util/celsfahrtable.exe
celsfahrtable.exe is up to date.
~~~~~~~~~~~~~~~~~~~~~~~~~~~~~~~~~~~~~~~~~~~~~~~~~~~~~~~~~~~~~~~~~
Using pattern rule %.exe:%.cpp to compile census.cpp to census.exe:
g++ -I /rhe/include -Wall -std=c++11 -Os -s census.cpp -L/rhe/lib -lrh -lfl -ly -lm -o /rhe/bin/util/census.exe
census.exe is up to date.
~~~~~~~~~~~~~~~~~~~~~~~~~~~~~~~~~~~~~~~~~~~~~~~~~~~~~~~~~~~~~~~~~
Using pattern rule %.exe:%.cpp to compile clock.cpp to clock.exe:
g++ -I /rhe/include -Wall -std=c++11 -Os -s clock.cpp -L/rhe/lib -lrh -lfl -ly -lm -o /rhe/bin/util/clock.exe
clock.exe is up to date.
~~~~~~~~~~~~~~~~~~~~~~~~~~~~~~~~~~~~~~~~~~~~~~~~~~~~~~~~~~~~~~~~~
Using pattern rule %.exe:%.cpp to compile clock2.cpp to clock2.exe:
g++ -I /rhe/include -Wall -std=c++11 -Os -s clock2.cpp -L/rhe/lib -lrh -lfl -ly -lm -o /rhe/bin/util/clock2.exe
clock2.cpp: In function ‘int main()’:
clock2.cpp:119:26: warning: variable ‘c’ set but not used [-Wunused-but-set-variable]
   double a=37.2, b=29.7, c=13.4;
                          ^
clock2.exe is up to date.
~~~~~~~~~~~~~~~~~~~~~~~~~~~~~~~~~~~~~~~~~~~~~~~~~~~~~~~~~~~~~~~~~
Using pattern rule %.exe:%.cpp to compile clock3.cpp to clock3.exe:
g++ -I /rhe/include -Wall -std=c++11 -Os -s clock3.cpp -L/rhe/lib -lrh -lfl -ly -lm -o /rhe/bin/util/clock3.exe
clock3.exe is up to date.
~~~~~~~~~~~~~~~~~~~~~~~~~~~~~~~~~~~~~~~~~~~~~~~~~~~~~~~~~~~~~~~~~
Using pattern rule %.exe:%.cpp to compile day-dirs.cpp to day-dirs.exe:
g++ -I /rhe/include -Wall -std=c++11 -Os -s day-dirs.cpp -L/rhe/lib -lrh -lfl -ly -lm -o /rhe/bin/util/day-dirs.exe
day-dirs.exe is up to date.
~~~~~~~~~~~~~~~~~~~~~~~~~~~~~~~~~~~~~~~~~~~~~~~~~~~~~~~~~~~~~~~~~
Using pattern rule %.exe:%.cpp to compile day-of-month-dirs.cpp to day-of-month-dirs.exe:
g++ -I /rhe/include -Wall -std=c++11 -Os -s day-of-month-dirs.cpp -L/rhe/lib -lrh -lfl -ly -lm -o /rhe/bin/util/day-of-month-dirs.exe
day-of-month-dirs.exe is up to date.
~~~~~~~~~~~~~~~~~~~~~~~~~~~~~~~~~~~~~~~~~~~~~~~~~~~~~~~~~~~~~~~~~
Using pattern rule %.exe:%.cpp to compile dedup-files.cpp to dedup-files.exe:
g++ -I /rhe/include -Wall -std=c++11 -Os -s dedup-files.cpp -L/rhe/lib -lrh -lfl -ly -lm -o /rhe/bin/util/dedup-files.exe
dedup-files.cpp:39:16: fatal error: pc.h: No such file or directory
 #include <pc.h>
                ^
compilation terminated.
/rhe/makehead:151: recipe for target 'dedup-files.exe' failed
make: [dedup-files.exe] Error 1 (ignored)
dedup-files.exe is up to date.
~~~~~~~~~~~~~~~~~~~~~~~~~~~~~~~~~~~~~~~~~~~~~~~~~~~~~~~~~~~~~~~~~
Using pattern rule %.exe:%.cpp to compile dedup-newsbin-files.cpp to dedup-newsbin-files.exe:
g++ -I /rhe/include -Wall -std=c++11 -Os -s dedup-newsbin-files.cpp -L/rhe/lib -lrh -lfl -ly -lm -o /rhe/bin/util/dedup-newsbin-files.exe
dedup-newsbin-files.cpp: In function ‘void ns_DedupNewsbin::LoadFileNameMap(ns_DedupNewsbin::FRM&, ns_DedupNewsbin::LS&, const string&)’:
dedup-newsbin-files.cpp:763:4: error: ‘ffblk’ was not declared in this scope
    ffblk              File_Block    = ffblk();
    ^
dedup-newsbin-files.cpp:778:25: error: ‘FA_RDONLY’ was not declared in this scope
    uint8_t File_Flags ( FA_RDONLY | FA_HIDDEN | FA_SYSTEM | FA_ARCH );
                         ^
dedup-newsbin-files.cpp:778:25: note: suggested alternative:
In file included from dedup-newsbin-files.cpp:227:0:
/rhe/include/rhdir.h:157:30: note:   ‘rhdir::FA_RDONLY’
    const unsigned short int  FA_RDONLY  =  1;
                              ^
dedup-newsbin-files.cpp:778:37: error: ‘FA_HIDDEN’ was not declared in this scope
    uint8_t File_Flags ( FA_RDONLY | FA_HIDDEN | FA_SYSTEM | FA_ARCH );
                                     ^
dedup-newsbin-files.cpp:778:37: note: suggested alternative:
In file included from dedup-newsbin-files.cpp:227:0:
/rhe/include/rhdir.h:158:30: note:   ‘rhdir::FA_HIDDEN’
    const unsigned short int  FA_HIDDEN  =  2;
                              ^
dedup-newsbin-files.cpp:778:49: error: ‘FA_SYSTEM’ was not declared in this scope
    uint8_t File_Flags ( FA_RDONLY | FA_HIDDEN | FA_SYSTEM | FA_ARCH );
                                                 ^
dedup-newsbin-files.cpp:778:49: note: suggested alternative:
In file included from dedup-newsbin-files.cpp:227:0:
/rhe/include/rhdir.h:159:30: note:   ‘rhdir::FA_SYSTEM’
    const unsigned short int  FA_SYSTEM  =  4;
                              ^
dedup-newsbin-files.cpp:778:61: error: ‘FA_ARCH’ was not declared in this scope
    uint8_t File_Flags ( FA_RDONLY | FA_HIDDEN | FA_SYSTEM | FA_ARCH );
                                                             ^
dedup-newsbin-files.cpp:778:61: note: suggested alternative:
In file included from dedup-newsbin-files.cpp:227:0:
/rhe/include/rhdir.h:162:30: note:   ‘rhdir::FA_ARCH’
    const unsigned short int  FA_ARCH    = 32;
                              ^
dedup-newsbin-files.cpp:785:32: error: ‘File_Block’ was not declared in this scope
    for (done = findfirst("*", &File_Block, File_Flags) ; not done ; done = findnext(&File_Block))
                                ^
dedup-newsbin-files.cpp:785:54: error: ‘findfirst’ was not declared in this scope
    for (done = findfirst("*", &File_Block, File_Flags) ; not done ; done = findnext(&File_Block))
                                                      ^
dedup-newsbin-files.cpp:785:96: error: ‘findnext’ was not declared in this scope
    for (done = findfirst("*", &File_Block, File_Flags) ; not done ; done = findnext(&File_Block))
                                                                                                ^
dedup-newsbin-files.cpp: In function ‘int ns_DedupNewsbin::EradicateDuplicates(ns_DedupNewsbin::FRM&, const string&, const ns_DedupNewsbin::Bools_t&, ns_DedupNewsbin::Stats_t&)’:
dedup-newsbin-files.cpp:943:60: error: ‘__file_exists’ was not declared in this scope
             if (!__file_exists(Current->second.name.c_str()))
                                                            ^
dedup-newsbin-files.cpp:965:60: error: ‘__file_exists’ was not declared in this scope
             if (!__file_exists(Compare->second.name.c_str()))
                                                            ^
/rhe/makehead:151: recipe for target 'dedup-newsbin-files.exe' failed
make: [dedup-newsbin-files.exe] Error 1 (ignored)
dedup-newsbin-files.exe is up to date.
~~~~~~~~~~~~~~~~~~~~~~~~~~~~~~~~~~~~~~~~~~~~~~~~~~~~~~~~~~~~~~~~~
Using pattern rule %.exe:%.cpp to compile dedup-newsbin-multi.cpp to dedup-newsbin-multi.exe:
g++ -I /rhe/include -Wall -std=c++11 -Os -s dedup-newsbin-multi.cpp -L/rhe/lib -lrh -lfl -ly -lm -o /rhe/bin/util/dedup-newsbin-multi.exe
dedup-newsbin-multi.cpp: In member function ‘void ns_DedupNewsbin::TreeMap::operator()()’:
dedup-newsbin-multi.cpp:587:4: error: ‘ffblk’ was not declared in this scope
    ffblk              File_Block    = ffblk();
    ^
dedup-newsbin-multi.cpp:603:25: error: ‘FA_RDONLY’ was not declared in this scope
    uint8_t File_Flags ( FA_RDONLY | FA_HIDDEN | FA_SYSTEM | FA_ARCH );
                         ^
dedup-newsbin-multi.cpp:603:25: note: suggested alternative:
In file included from dedup-newsbin-multi.cpp:183:0:
/rhe/include/rhdir.h:157:30: note:   ‘rhdir::FA_RDONLY’
    const unsigned short int  FA_RDONLY  =  1;
                              ^
dedup-newsbin-multi.cpp:603:37: error: ‘FA_HIDDEN’ was not declared in this scope
    uint8_t File_Flags ( FA_RDONLY | FA_HIDDEN | FA_SYSTEM | FA_ARCH );
                                     ^
dedup-newsbin-multi.cpp:603:37: note: suggested alternative:
In file included from dedup-newsbin-multi.cpp:183:0:
/rhe/include/rhdir.h:158:30: note:   ‘rhdir::FA_HIDDEN’
    const unsigned short int  FA_HIDDEN  =  2;
                              ^
dedup-newsbin-multi.cpp:603:49: error: ‘FA_SYSTEM’ was not declared in this scope
    uint8_t File_Flags ( FA_RDONLY | FA_HIDDEN | FA_SYSTEM | FA_ARCH );
                                                 ^
dedup-newsbin-multi.cpp:603:49: note: suggested alternative:
In file included from dedup-newsbin-multi.cpp:183:0:
/rhe/include/rhdir.h:159:30: note:   ‘rhdir::FA_SYSTEM’
    const unsigned short int  FA_SYSTEM  =  4;
                              ^
dedup-newsbin-multi.cpp:603:61: error: ‘FA_ARCH’ was not declared in this scope
    uint8_t File_Flags ( FA_RDONLY | FA_HIDDEN | FA_SYSTEM | FA_ARCH );
                                                             ^
dedup-newsbin-multi.cpp:603:61: note: suggested alternative:
In file included from dedup-newsbin-multi.cpp:183:0:
/rhe/include/rhdir.h:162:30: note:   ‘rhdir::FA_ARCH’
    const unsigned short int  FA_ARCH    = 32;
                              ^
dedup-newsbin-multi.cpp:606:32: error: ‘File_Block’ was not declared in this scope
    for (done = findfirst("*", &File_Block, File_Flags) ; not done ; done = findnext(&File_Block))
                                ^
dedup-newsbin-multi.cpp:606:54: error: ‘findfirst’ was not declared in this scope
    for (done = findfirst("*", &File_Block, File_Flags) ; not done ; done = findnext(&File_Block))
                                                      ^
dedup-newsbin-multi.cpp:606:96: error: ‘findnext’ was not declared in this scope
    for (done = findfirst("*", &File_Block, File_Flags) ; not done ; done = findnext(&File_Block))
                                                                                                ^
/rhe/makehead:151: recipe for target 'dedup-newsbin-multi.exe' failed
make: [dedup-newsbin-multi.exe] Error 1 (ignored)
dedup-newsbin-multi.exe is up to date.
~~~~~~~~~~~~~~~~~~~~~~~~~~~~~~~~~~~~~~~~~~~~~~~~~~~~~~~~~~~~~~~~~
Using pattern rule %.exe:%.c to compile dennis.c to dennis.exe:
gcc  -I /rhe/include -Wall -Os -s   dennis.c -L/rhe/lib -lrh -lfl -ly -lm -o /rhe/bin/util/dennis.exe
dennis.exe is up to date.
~~~~~~~~~~~~~~~~~~~~~~~~~~~~~~~~~~~~~~~~~~~~~~~~~~~~~~~~~~~~~~~~~
Using pattern rule %.exe:%.cpp to compile denumerate-file-names.cpp to denumerate-file-names.exe:
g++ -I /rhe/include -Wall -std=c++11 -Os -s denumerate-file-names.cpp -L/rhe/lib -lrh -lfl -ly -lm -o /rhe/bin/util/denumerate-file-names.exe
denumerate-file-names.cpp: In function ‘void ns_DFN::ProcessCurrentFile(ns_DFN::Stats_t&, const FR&)’:
denumerate-file-names.cpp:324:41: error: ‘__file_exists’ was not declared in this scope
    if (__file_exists(NewFileName.c_str()))
                                         ^
/rhe/makehead:151: recipe for target 'denumerate-file-names.exe' failed
make: [denumerate-file-names.exe] Error 1 (ignored)
denumerate-file-names.exe is up to date.
~~~~~~~~~~~~~~~~~~~~~~~~~~~~~~~~~~~~~~~~~~~~~~~~~~~~~~~~~~~~~~~~~
Using pattern rule %.exe:%.cpp to compile dir-names-to-capital.cpp to dir-names-to-capital.exe:
g++ -I /rhe/include -Wall -std=c++11 -Os -s dir-names-to-capital.cpp -L/rhe/lib -lrh -lfl -ly -lm -o /rhe/bin/util/dir-names-to-capital.exe
dir-names-to-capital.exe is up to date.
~~~~~~~~~~~~~~~~~~~~~~~~~~~~~~~~~~~~~~~~~~~~~~~~~~~~~~~~~~~~~~~~~
Using pattern rule %.exe:%.cpp to compile encode.cpp to encode.exe:
g++ -I /rhe/include -Wall -std=c++11 -Os -s encode.cpp -L/rhe/lib -lrh -lfl -ly -lm -o /rhe/bin/util/encode.exe
encode.exe is up to date.
~~~~~~~~~~~~~~~~~~~~~~~~~~~~~~~~~~~~~~~~~~~~~~~~~~~~~~~~~~~~~~~~~
Using pattern rule %.exe:%.cpp to compile encode-pad.cpp to encode-pad.exe:
g++ -I /rhe/include -Wall -std=c++11 -Os -s encode-pad.cpp -L/rhe/lib -lrh -lfl -ly -lm -o /rhe/bin/util/encode-pad.exe
encode-pad.exe is up to date.
~~~~~~~~~~~~~~~~~~~~~~~~~~~~~~~~~~~~~~~~~~~~~~~~~~~~~~~~~~~~~~~~~
Using pattern rule %.exe:%.cpp to compile enumerate-file-names.cpp to enumerate-file-names.exe:
g++ -I /rhe/include -Wall -std=c++11 -Os -s enumerate-file-names.cpp -L/rhe/lib -lrh -lfl -ly -lm -o /rhe/bin/util/enumerate-file-names.exe
enumerate-file-names.cpp: In function ‘void ns_EFN::ProcessCurrentFile(ns_EFN::Stats_t&, const FR&)’:
enumerate-file-names.cpp:324:52: error: ‘__file_exists’ was not declared in this scope
       bSuccess = !__file_exists(NewFileName.c_str());
                                                    ^
/rhe/makehead:151: recipe for target 'enumerate-file-names.exe' failed
make: [enumerate-file-names.exe] Error 1 (ignored)
enumerate-file-names.exe is up to date.
~~~~~~~~~~~~~~~~~~~~~~~~~~~~~~~~~~~~~~~~~~~~~~~~~~~~~~~~~~~~~~~~~
Using pattern rule %.exe:%.cpp to compile erase_ph.cpp to erase_ph.exe:
g++ -I /rhe/include -Wall -std=c++11 -Os -s erase_ph.cpp -L/rhe/lib -lrh -lfl -ly -lm -o /rhe/bin/util/erase_ph.exe
erase_ph.exe is up to date.
~~~~~~~~~~~~~~~~~~~~~~~~~~~~~~~~~~~~~~~~~~~~~~~~~~~~~~~~~~~~~~~~~
Using pattern rule %.exe:%.cpp to compile erase-thumbs.cpp to erase-thumbs.exe:
g++ -I /rhe/include -Wall -std=c++11 -Os -s erase-thumbs.cpp -L/rhe/lib -lrh -lfl -ly -lm -o /rhe/bin/util/erase-thumbs.exe
erase-thumbs.cpp: In member function ‘void ns_EraseThumbs::ProcessCurDirFunctor::operator()()’:
erase-thumbs.cpp:657:4: error: ‘ffblk’ was not declared in this scope
    ffblk              File_Block    = ffblk();
    ^
erase-thumbs.cpp:673:25: error: ‘FA_RDONLY’ was not declared in this scope
    uint8_t File_Flags ( FA_RDONLY | FA_HIDDEN | FA_SYSTEM | FA_ARCH );
                         ^
erase-thumbs.cpp:673:25: note: suggested alternative:
In file included from erase-thumbs.cpp:88:0:
/rhe/include/rhdir.h:157:30: note:   ‘rhdir::FA_RDONLY’
    const unsigned short int  FA_RDONLY  =  1;
                              ^
erase-thumbs.cpp:673:37: error: ‘FA_HIDDEN’ was not declared in this scope
    uint8_t File_Flags ( FA_RDONLY | FA_HIDDEN | FA_SYSTEM | FA_ARCH );
                                     ^
erase-thumbs.cpp:673:37: note: suggested alternative:
In file included from erase-thumbs.cpp:88:0:
/rhe/include/rhdir.h:158:30: note:   ‘rhdir::FA_HIDDEN’
    const unsigned short int  FA_HIDDEN  =  2;
                              ^
erase-thumbs.cpp:673:49: error: ‘FA_SYSTEM’ was not declared in this scope
    uint8_t File_Flags ( FA_RDONLY | FA_HIDDEN | FA_SYSTEM | FA_ARCH );
                                                 ^
erase-thumbs.cpp:673:49: note: suggested alternative:
In file included from erase-thumbs.cpp:88:0:
/rhe/include/rhdir.h:159:30: note:   ‘rhdir::FA_SYSTEM’
    const unsigned short int  FA_SYSTEM  =  4;
                              ^
erase-thumbs.cpp:673:61: error: ‘FA_ARCH’ was not declared in this scope
    uint8_t File_Flags ( FA_RDONLY | FA_HIDDEN | FA_SYSTEM | FA_ARCH );
                                                             ^
erase-thumbs.cpp:673:61: note: suggested alternative:
In file included from erase-thumbs.cpp:88:0:
/rhe/include/rhdir.h:162:30: note:   ‘rhdir::FA_ARCH’
    const unsigned short int  FA_ARCH    = 32;
                              ^
erase-thumbs.cpp:676:32: error: ‘File_Block’ was not declared in this scope
    for (done = findfirst("*", &File_Block, File_Flags) ; not done ; done = findnext(&File_Block))
                                ^
erase-thumbs.cpp:676:54: error: ‘findfirst’ was not declared in this scope
    for (done = findfirst("*", &File_Block, File_Flags) ; not done ; done = findnext(&File_Block))
                                                      ^
erase-thumbs.cpp:676:96: error: ‘findnext’ was not declared in this scope
    for (done = findfirst("*", &File_Block, File_Flags) ; not done ; done = findnext(&File_Block))
                                                                                                ^
/rhe/makehead:151: recipe for target 'erase-thumbs.exe' failed
make: [erase-thumbs.exe] Error 1 (ignored)
erase-thumbs.exe is up to date.
~~~~~~~~~~~~~~~~~~~~~~~~~~~~~~~~~~~~~~~~~~~~~~~~~~~~~~~~~~~~~~~~~
Using pattern rule %.exe:%.c to compile fahrcels.c to fahrcels.exe:
gcc  -I /rhe/include -Wall -Os -s   fahrcels.c -L/rhe/lib -lrh -lfl -ly -lm -o /rhe/bin/util/fahrcels.exe
fahrcels.exe is up to date.
~~~~~~~~~~~~~~~~~~~~~~~~~~~~~~~~~~~~~~~~~~~~~~~~~~~~~~~~~~~~~~~~~
Using pattern rule %.exe:%.c to compile fahrcelstable.c to fahrcelstable.exe:
gcc  -I /rhe/include -Wall -Os -s   fahrcelstable.c -L/rhe/lib -lrh -lfl -ly -lm -o /rhe/bin/util/fahrcelstable.exe
fahrcelstable.exe is up to date.
~~~~~~~~~~~~~~~~~~~~~~~~~~~~~~~~~~~~~~~~~~~~~~~~~~~~~~~~~~~~~~~~~
Using pattern rule %.exe:%.cpp to compile fexist.cpp to fexist.exe:
g++ -I /rhe/include -Wall -std=c++11 -Os -s fexist.cpp -L/rhe/lib -lrh -lfl -ly -lm -o /rhe/bin/util/fexist.exe
fexist.exe is up to date.
~~~~~~~~~~~~~~~~~~~~~~~~~~~~~~~~~~~~~~~~~~~~~~~~~~~~~~~~~~~~~~~~~
Using pattern rule %.exe:%.cpp to compile file-access.cpp to file-access.exe:
g++ -I /rhe/include -Wall -std=c++11 -Os -s file-access.cpp -L/rhe/lib -lrh -lfl -ly -lm -o /rhe/bin/util/file-access.exe
file-access.cpp: In function ‘void ns_Access::PrintFileInfo(const string&)’:
file-access.cpp:116:30: error: ‘D_OK’ was not declared in this scope
    if (!access(Name.c_str(), D_OK))
                              ^
/rhe/makehead:151: recipe for target 'file-access.exe' failed
make: [file-access.exe] Error 1 (ignored)
file-access.exe is up to date.
~~~~~~~~~~~~~~~~~~~~~~~~~~~~~~~~~~~~~~~~~~~~~~~~~~~~~~~~~~~~~~~~~
Using pattern rule %.exe:%.cpp to compile file-away.cpp to file-away.exe:
g++ -I /rhe/include -Wall -std=c++11 -Os -s file-away.cpp -L/rhe/lib -lrh -lfl -ly -lm -o /rhe/bin/util/file-away.exe
file-away.cpp:27:17: fatal error: dir.h: No such file or directory
 #include <dir.h>
                 ^
compilation terminated.
/rhe/makehead:151: recipe for target 'file-away.exe' failed
make: [file-away.exe] Error 1 (ignored)
file-away.exe is up to date.
~~~~~~~~~~~~~~~~~~~~~~~~~~~~~~~~~~~~~~~~~~~~~~~~~~~~~~~~~~~~~~~~~
Using pattern rule %.exe:%.cpp to compile file-compare.cpp to file-compare.exe:
g++ -I /rhe/include -Wall -std=c++11 -Os -s file-compare.cpp -L/rhe/lib -lrh -lfl -ly -lm -o /rhe/bin/util/file-compare.exe
file-compare.cpp:28:17: fatal error: dir.h: No such file or directory
 #include <dir.h>
                 ^
compilation terminated.
/rhe/makehead:151: recipe for target 'file-compare.exe' failed
make: [file-compare.exe] Error 1 (ignored)
file-compare.exe is up to date.
~~~~~~~~~~~~~~~~~~~~~~~~~~~~~~~~~~~~~~~~~~~~~~~~~~~~~~~~~~~~~~~~~
Using pattern rule %.exe:%.cpp to compile file-names-to-capital.cpp to file-names-to-capital.exe:
g++ -I /rhe/include -Wall -std=c++11 -Os -s file-names-to-capital.cpp -L/rhe/lib -lrh -lfl -ly -lm -o /rhe/bin/util/file-names-to-capital.exe
file-names-to-capital.exe is up to date.
~~~~~~~~~~~~~~~~~~~~~~~~~~~~~~~~~~~~~~~~~~~~~~~~~~~~~~~~~~~~~~~~~
Using pattern rule %.exe:%.cpp to compile file-names-to-lower.cpp to file-names-to-lower.exe:
g++ -I /rhe/include -Wall -std=c++11 -Os -s file-names-to-lower.cpp -L/rhe/lib -lrh -lfl -ly -lm -o /rhe/bin/util/file-names-to-lower.exe
file-names-to-lower.exe is up to date.
~~~~~~~~~~~~~~~~~~~~~~~~~~~~~~~~~~~~~~~~~~~~~~~~~~~~~~~~~~~~~~~~~
Using pattern rule %.exe:%.cpp to compile file-names-to-upper.cpp to file-names-to-upper.exe:
g++ -I /rhe/include -Wall -std=c++11 -Os -s file-names-to-upper.cpp -L/rhe/lib -lrh -lfl -ly -lm -o /rhe/bin/util/file-names-to-upper.exe
file-names-to-upper.exe is up to date.
~~~~~~~~~~~~~~~~~~~~~~~~~~~~~~~~~~~~~~~~~~~~~~~~~~~~~~~~~~~~~~~~~
Using pattern rule %.exe:%.cpp to compile find-bad-file-names.cpp to find-bad-file-names.exe:
g++ -I /rhe/include -Wall -std=c++11 -Os -s find-bad-file-names.cpp -L/rhe/lib -lrh -lfl -ly -lm -o /rhe/bin/util/find-bad-file-names.exe
find-bad-file-names.cpp: In function ‘void ns_FindBadFileNames::ProcessCurrentFile(const ns_FindBadFileNames::Settings_t&, const VS&, ns_FindBadFileNames::Stats_t&, const FR&)’:
find-bad-file-names.cpp:419:95: error: ‘__file_exists’ was not declared in this scope
    if ( rhdir::FileNameIsInvalid(FileRecord.name) or not __file_exists(FileRecord.name.c_str()) )
                                                                                               ^
/rhe/makehead:151: recipe for target 'find-bad-file-names.exe' failed
make: [find-bad-file-names.exe] Error 1 (ignored)
find-bad-file-names.exe is up to date.
~~~~~~~~~~~~~~~~~~~~~~~~~~~~~~~~~~~~~~~~~~~~~~~~~~~~~~~~~~~~~~~~~
Using pattern rule %.exe:%.cpp to compile find-bad-jpegs.cpp to find-bad-jpegs.exe:
g++ -I /rhe/include -Wall -std=c++11 -Os -s find-bad-jpegs.cpp -L/rhe/lib -lrh -lfl -ly -lm -o /rhe/bin/util/find-bad-jpegs.exe
find-bad-jpegs.cpp: In function ‘int main(int, char**)’:
find-bad-jpegs.cpp:160:29: error: ‘__file_exists’ was not declared in this scope
    if (!__file_exists("/Bad")) mkdir("/Bad",  S_IWUSR);
                             ^
find-bad-jpegs.cpp: In member function ‘void ns_FndBadJpg::ProcessCurDirFunctor::operator()()’:
find-bad-jpegs.cpp:374:43: error: ‘__file_exists’ was not declared in this scope
          if (!__file_exists(BadDir.c_str()))
                                           ^
/rhe/makehead:151: recipe for target 'find-bad-jpegs.exe' failed
make: [find-bad-jpegs.exe] Error 1 (ignored)
find-bad-jpegs.exe is up to date.
~~~~~~~~~~~~~~~~~~~~~~~~~~~~~~~~~~~~~~~~~~~~~~~~~~~~~~~~~~~~~~~~~
Using pattern rule %.exe:%.cpp to compile find-good-jpegs.cpp to find-good-jpegs.exe:
g++ -I /rhe/include -Wall -std=c++11 -Os -s find-good-jpegs.cpp -L/rhe/lib -lrh -lfl -ly -lm -o /rhe/bin/util/find-good-jpegs.exe
find-good-jpegs.cpp: In function ‘int main(int, char**)’:
find-good-jpegs.cpp:68:33: error: ‘__file_exists’ was not declared in this scope
    if (!__file_exists("/Damaged")) mkdir("/Damaged",  S_IWUSR);
                                 ^
/rhe/makehead:151: recipe for target 'find-good-jpegs.exe' failed
make: [find-good-jpegs.exe] Error 1 (ignored)
find-good-jpegs.exe is up to date.
~~~~~~~~~~~~~~~~~~~~~~~~~~~~~~~~~~~~~~~~~~~~~~~~~~~~~~~~~~~~~~~~~
Using pattern rule %.exe:%.cpp to compile find-spacey-file-names.cpp to find-spacey-file-names.exe:
g++ -I /rhe/include -Wall -std=c++11 -Os -s find-spacey-file-names.cpp -L/rhe/lib -lrh -lfl -ly -lm -o /rhe/bin/util/find-spacey-file-names.exe
find-spacey-file-names.exe is up to date.
~~~~~~~~~~~~~~~~~~~~~~~~~~~~~~~~~~~~~~~~~~~~~~~~~~~~~~~~~~~~~~~~~
Using pattern rule %.exe:%.cpp to compile flatten-directory-tree.cpp to flatten-directory-tree.exe:
g++ -I /rhe/include -Wall -std=c++11 -Os -s flatten-directory-tree.cpp -L/rhe/lib -lrh -lfl -ly -lm -o /rhe/bin/util/flatten-directory-tree.exe
flatten-directory-tree.exe is up to date.
~~~~~~~~~~~~~~~~~~~~~~~~~~~~~~~~~~~~~~~~~~~~~~~~~~~~~~~~~~~~~~~~~
Using pattern rule %.exe:%.cpp to compile for-each-dir.cpp to for-each-dir.exe:
g++ -I /rhe/include -Wall -std=c++11 -Os -s for-each-dir.cpp -L/rhe/lib -lrh -lfl -ly -lm -o /rhe/bin/util/for-each-dir.exe
for-each-dir.exe is up to date.
~~~~~~~~~~~~~~~~~~~~~~~~~~~~~~~~~~~~~~~~~~~~~~~~~~~~~~~~~~~~~~~~~
Using pattern rule %.exe:%.c to compile getfilelist.c to getfilelist.exe:
gcc  -I /rhe/include -Wall -Os -s   getfilelist.c -L/rhe/lib -lrh -lfl -ly -lm -o /rhe/bin/util/getfilelist.exe
getfilelist.exe is up to date.
~~~~~~~~~~~~~~~~~~~~~~~~~~~~~~~~~~~~~~~~~~~~~~~~~~~~~~~~~~~~~~~~~
Using pattern rule %.exe:%.c to compile keyclean.c to keyclean.exe:
gcc  -I /rhe/include -Wall -Os -s   keyclean.c -L/rhe/lib -lrh -lfl -ly -lm -o /rhe/bin/util/keyclean.exe
keyclean.exe is up to date.
~~~~~~~~~~~~~~~~~~~~~~~~~~~~~~~~~~~~~~~~~~~~~~~~~~~~~~~~~~~~~~~~~
Using pattern rule %.exe:%.c to compile lollygag.c to lollygag.exe:
gcc  -I /rhe/include -Wall -Os -s   lollygag.c -L/rhe/lib -lrh -lfl -ly -lm -o /rhe/bin/util/lollygag.exe
lollygag.exe is up to date.
~~~~~~~~~~~~~~~~~~~~~~~~~~~~~~~~~~~~~~~~~~~~~~~~~~~~~~~~~~~~~~~~~
Using pattern rule %.exe:%.c to compile longest-line.c to longest-line.exe:
gcc  -I /rhe/include -Wall -Os -s   longest-line.c -L/rhe/lib -lrh -lfl -ly -lm -o /rhe/bin/util/longest-line.exe
longest-line.exe is up to date.
~~~~~~~~~~~~~~~~~~~~~~~~~~~~~~~~~~~~~~~~~~~~~~~~~~~~~~~~~~~~~~~~~
Using pattern rule %.exe:%.cpp to compile missing-files.cpp to missing-files.exe:
g++ -I /rhe/include -Wall -std=c++11 -Os -s missing-files.cpp -L/rhe/lib -lrh -lfl -ly -lm -o /rhe/bin/util/missing-files.exe
missing-files.exe is up to date.
~~~~~~~~~~~~~~~~~~~~~~~~~~~~~~~~~~~~~~~~~~~~~~~~~~~~~~~~~~~~~~~~~
Using pattern rule %.exe:%.cpp to compile month-dirs.cpp to month-dirs.exe:
g++ -I /rhe/include -Wall -std=c++11 -Os -s month-dirs.cpp -L/rhe/lib -lrh -lfl -ly -lm -o /rhe/bin/util/month-dirs.exe
month-dirs.exe is up to date.
~~~~~~~~~~~~~~~~~~~~~~~~~~~~~~~~~~~~~~~~~~~~~~~~~~~~~~~~~~~~~~~~~
Using pattern rule %.exe:%.c to compile myenv.c to myenv.exe:
gcc  -I /rhe/include -Wall -Os -s   myenv.c -L/rhe/lib -lrh -lfl -ly -lm -o /rhe/bin/util/myenv.exe
myenv.exe is up to date.
~~~~~~~~~~~~~~~~~~~~~~~~~~~~~~~~~~~~~~~~~~~~~~~~~~~~~~~~~~~~~~~~~
Using pattern rule %.exe:%.cpp to compile numdirs.cpp to numdirs.exe:
g++ -I /rhe/include -Wall -std=c++11 -Os -s numdirs.cpp -L/rhe/lib -lrh -lfl -ly -lm -o /rhe/bin/util/numdirs.exe
numdirs.exe is up to date.
~~~~~~~~~~~~~~~~~~~~~~~~~~~~~~~~~~~~~~~~~~~~~~~~~~~~~~~~~~~~~~~~~
Using pattern rule %.exe:%.cpp to compile numdirs2.cpp to numdirs2.exe:
g++ -I /rhe/include -Wall -std=c++11 -Os -s numdirs2.cpp -L/rhe/lib -lrh -lfl -ly -lm -o /rhe/bin/util/numdirs2.exe
numdirs2.exe is up to date.
~~~~~~~~~~~~~~~~~~~~~~~~~~~~~~~~~~~~~~~~~~~~~~~~~~~~~~~~~~~~~~~~~
Using pattern rule %.exe:%.cpp to compile numeric-limits.cpp to numeric-limits.exe:
g++ -I /rhe/include -Wall -std=c++11 -Os -s numeric-limits.cpp -L/rhe/lib -lrh -lfl -ly -lm -o /rhe/bin/util/numeric-limits.exe
numeric-limits.exe is up to date.
~~~~~~~~~~~~~~~~~~~~~~~~~~~~~~~~~~~~~~~~~~~~~~~~~~~~~~~~~~~~~~~~~
Using pattern rule %.exe:%.cpp to compile pinderloy.cpp to pinderloy.exe:
g++ -I /rhe/include -Wall -std=c++11 -Os -s pinderloy.cpp -L/rhe/lib -lrh -lfl -ly -lm -o /rhe/bin/util/pinderloy.exe
pinderloy.exe is up to date.
~~~~~~~~~~~~~~~~~~~~~~~~~~~~~~~~~~~~~~~~~~~~~~~~~~~~~~~~~~~~~~~~~
Using pattern rule %.exe:%.cpp to compile print-ascii.cpp to print-ascii.exe:
g++ -I /rhe/include -Wall -std=c++11 -Os -s print-ascii.cpp -L/rhe/lib -lrh -lfl -ly -lm -o /rhe/bin/util/print-ascii.exe
print-ascii.cpp:39:19: fatal error: conio.h: No such file or directory
 #include <conio.h>
                   ^
compilation terminated.
/rhe/makehead:151: recipe for target 'print-ascii.exe' failed
make: [print-ascii.exe] Error 1 (ignored)
print-ascii.exe is up to date.
~~~~~~~~~~~~~~~~~~~~~~~~~~~~~~~~~~~~~~~~~~~~~~~~~~~~~~~~~~~~~~~~~
Using pattern rule %.exe:%.cpp to compile processwww.cpp to processwww.exe:
g++ -I /rhe/include -Wall -std=c++11 -Os -s processwww.cpp -L/rhe/lib -lrh -lfl -ly -lm -o /rhe/bin/util/processwww.exe
processwww.exe is up to date.
~~~~~~~~~~~~~~~~~~~~~~~~~~~~~~~~~~~~~~~~~~~~~~~~~~~~~~~~~~~~~~~~~
Using pattern rule %.exe:%.c to compile randip.c to randip.exe:
gcc  -I /rhe/include -Wall -Os -s   randip.c -L/rhe/lib -lrh -lfl -ly -lm -o /rhe/bin/util/randip.exe
randip.exe is up to date.
~~~~~~~~~~~~~~~~~~~~~~~~~~~~~~~~~~~~~~~~~~~~~~~~~~~~~~~~~~~~~~~~~
Using pattern rule %.exe:%.c to compile randmac.c to randmac.exe:
gcc  -I /rhe/include -Wall -Os -s   randmac.c -L/rhe/lib -lrh -lfl -ly -lm -o /rhe/bin/util/randmac.exe
randmac.exe is up to date.
~~~~~~~~~~~~~~~~~~~~~~~~~~~~~~~~~~~~~~~~~~~~~~~~~~~~~~~~~~~~~~~~~
Using pattern rule %.exe:%.c to compile randname.c to randname.exe:
gcc  -I /rhe/include -Wall -Os -s   randname.c -L/rhe/lib -lrh -lfl -ly -lm -o /rhe/bin/util/randname.exe
randname.c:31:21: fatal error: namegen.h: No such file or directory
 #include <namegen.h>
                     ^
compilation terminated.
/rhe/makehead:145: recipe for target 'randname.exe' failed
make: [randname.exe] Error 1 (ignored)
randname.exe is up to date.
~~~~~~~~~~~~~~~~~~~~~~~~~~~~~~~~~~~~~~~~~~~~~~~~~~~~~~~~~~~~~~~~~
Using pattern rule %.exe:%.c to compile randnames.c to randnames.exe:
gcc  -I /rhe/include -Wall -Os -s   randnames.c -L/rhe/lib -lrh -lfl -ly -lm -o /rhe/bin/util/randnames.exe
randnames.c:31:21: fatal error: namegen.h: No such file or directory
 #include <namegen.h>
                     ^
compilation terminated.
/rhe/makehead:145: recipe for target 'randnames.exe' failed
make: [randnames.exe] Error 1 (ignored)
randnames.exe is up to date.
~~~~~~~~~~~~~~~~~~~~~~~~~~~~~~~~~~~~~~~~~~~~~~~~~~~~~~~~~~~~~~~~~
Using pattern rule %.exe:%.cpp to compile randomize-file-names.cpp to randomize-file-names.exe:
g++ -I /rhe/include -Wall -std=c++11 -Os -s randomize-file-names.cpp -L/rhe/lib -lrh -lfl -ly -lm -o /rhe/bin/util/randomize-file-names.exe
randomize-file-names.cpp: In member function ‘void ns_RFN::ProcessCurDirFunctor::operator()()’:
randomize-file-names.cpp:273:55: error: ‘__file_exists’ was not declared in this scope
          bSuccess = !__file_exists(NewFileName.c_str());
                                                       ^
/rhe/makehead:151: recipe for target 'randomize-file-names.exe' failed
make: [randomize-file-names.exe] Error 1 (ignored)
randomize-file-names.exe is up to date.
~~~~~~~~~~~~~~~~~~~~~~~~~~~~~~~~~~~~~~~~~~~~~~~~~~~~~~~~~~~~~~~~~
Using pattern rule %.exe:%.c to compile recomb.c to recomb.exe:
gcc  -I /rhe/include -Wall -Os -s   recomb.c -L/rhe/lib -lrh -lfl -ly -lm -o /rhe/bin/util/recomb.exe
recomb.exe is up to date.
~~~~~~~~~~~~~~~~~~~~~~~~~~~~~~~~~~~~~~~~~~~~~~~~~~~~~~~~~~~~~~~~~
Using pattern rule %.exe:%.cpp to compile renamefiles.cpp to renamefiles.exe:
g++ -I /rhe/include -Wall -std=c++11 -Os -s renamefiles.cpp -L/rhe/lib -lrh -lfl -ly -lm -o /rhe/bin/util/renamefiles.exe
renamefiles.cpp:34:16: fatal error: pc.h: No such file or directory
 #include <pc.h>
                ^
compilation terminated.
/rhe/makehead:151: recipe for target 'renamefiles.exe' failed
make: [renamefiles.exe] Error 1 (ignored)
renamefiles.exe is up to date.
~~~~~~~~~~~~~~~~~~~~~~~~~~~~~~~~~~~~~~~~~~~~~~~~~~~~~~~~~~~~~~~~~
Using pattern rule %.exe:%.cpp to compile renamefilesold.cpp to renamefilesold.exe:
g++ -I /rhe/include -Wall -std=c++11 -Os -s renamefilesold.cpp -L/rhe/lib -lrh -lfl -ly -lm -o /rhe/bin/util/renamefilesold.exe
renamefilesold.cpp:28:16: fatal error: pc.h: No such file or directory
 #include <pc.h>
                ^
compilation terminated.
/rhe/makehead:151: recipe for target 'renamefilesold.exe' failed
make: [renamefilesold.exe] Error 1 (ignored)
renamefilesold.exe is up to date.
~~~~~~~~~~~~~~~~~~~~~~~~~~~~~~~~~~~~~~~~~~~~~~~~~~~~~~~~~~~~~~~~~
Using pattern rule %.exe:%.cpp to compile rhdir.cpp to rhdir.exe:
g++ -I /rhe/include -Wall -std=c++11 -Os -s rhdir.cpp -L/rhe/lib -lrh -lfl -ly -lm -o /rhe/bin/util/rhdir.exe
rhdir.exe is up to date.
~~~~~~~~~~~~~~~~~~~~~~~~~~~~~~~~~~~~~~~~~~~~~~~~~~~~~~~~~~~~~~~~~
Using pattern rule %.exe:%.cpp to compile rhmerge.cpp to rhmerge.exe:
g++ -I /rhe/include -Wall -std=c++11 -Os -s rhmerge.cpp -L/rhe/lib -lrh -lfl -ly -lm -o /rhe/bin/util/rhmerge.exe
rhmerge.cpp:48:19: fatal error: conio.h: No such file or directory
 #include <conio.h>
                   ^
compilation terminated.
/rhe/makehead:151: recipe for target 'rhmerge.exe' failed
make: [rhmerge.exe] Error 1 (ignored)
rhmerge.exe is up to date.
~~~~~~~~~~~~~~~~~~~~~~~~~~~~~~~~~~~~~~~~~~~~~~~~~~~~~~~~~~~~~~~~~
Using pattern rule %.exe:%.cpp to compile roman.cpp to roman.exe:
g++ -I /rhe/include -Wall -std=c++11 -Os -s roman.cpp -L/rhe/lib -lrh -lfl -ly -lm -o /rhe/bin/util/roman.exe
roman.exe is up to date.
~~~~~~~~~~~~~~~~~~~~~~~~~~~~~~~~~~~~~~~~~~~~~~~~~~~~~~~~~~~~~~~~~
Using pattern rule %.exe:%.cpp to compile rot13.cpp to rot13.exe:
g++ -I /rhe/include -Wall -std=c++11 -Os -s rot13.cpp -L/rhe/lib -lrh -lfl -ly -lm -o /rhe/bin/util/rot13.exe
rot13.exe is up to date.
~~~~~~~~~~~~~~~~~~~~~~~~~~~~~~~~~~~~~~~~~~~~~~~~~~~~~~~~~~~~~~~~~
Using pattern rule %.exe:%.cpp to compile same-size.cpp to same-size.exe:
g++ -I /rhe/include -Wall -std=c++11 -Os -s same-size.cpp -L/rhe/lib -lrh -lfl -ly -lm -o /rhe/bin/util/same-size.exe
same-size.cpp:35:16: fatal error: pc.h: No such file or directory
 #include <pc.h>
                ^
compilation terminated.
/rhe/makehead:151: recipe for target 'same-size.exe' failed
make: [same-size.exe] Error 1 (ignored)
same-size.exe is up to date.
~~~~~~~~~~~~~~~~~~~~~~~~~~~~~~~~~~~~~~~~~~~~~~~~~~~~~~~~~~~~~~~~~
Using pattern rule %.exe:%.cpp to compile separate-jpeg-palimpsests.cpp to separate-jpeg-palimpsests.exe:
g++ -I /rhe/include -Wall -std=c++11 -Os -s separate-jpeg-palimpsests.cpp -L/rhe/lib -lrh -lfl -ly -lm -o /rhe/bin/util/separate-jpeg-palimpsests.exe
separate-jpeg-palimpsests.exe is up to date.
~~~~~~~~~~~~~~~~~~~~~~~~~~~~~~~~~~~~~~~~~~~~~~~~~~~~~~~~~~~~~~~~~
Using pattern rule %.exe:%.cpp to compile set-extensions.cpp to set-extensions.exe:
g++ -I /rhe/include -Wall -std=c++11 -Os -s set-extensions.cpp -L/rhe/lib -lrh -lfl -ly -lm -o /rhe/bin/util/set-extensions.exe
set-extensions.exe is up to date.
~~~~~~~~~~~~~~~~~~~~~~~~~~~~~~~~~~~~~~~~~~~~~~~~~~~~~~~~~~~~~~~~~
Using pattern rule %.exe:%.cpp to compile show-heads.cpp to show-heads.exe:
g++ -I /rhe/include -Wall -std=c++11 -Os -s show-heads.cpp -L/rhe/lib -lrh -lfl -ly -lm -o /rhe/bin/util/show-heads.exe
show-heads.cpp: In function ‘int main(int, char**)’:
show-heads.cpp:154:29: error: ‘__file_exists’ was not declared in this scope
    if (!__file_exists("/Bad")) mkdir("/Bad",  S_IWUSR);
                             ^
/rhe/makehead:151: recipe for target 'show-heads.exe' failed
make: [show-heads.exe] Error 1 (ignored)
show-heads.exe is up to date.
~~~~~~~~~~~~~~~~~~~~~~~~~~~~~~~~~~~~~~~~~~~~~~~~~~~~~~~~~~~~~~~~~
Using pattern rule %.exe:%.cpp to compile simplify-file-names.cpp to simplify-file-names.exe:
g++ -I /rhe/include -Wall -std=c++11 -Os -s simplify-file-names.cpp -L/rhe/lib -lrh -lfl -ly -lm -o /rhe/bin/util/simplify-file-names.exe
simplify-file-names.cpp: In function ‘void ns_SFN::ProcessCurrentFile(const char*, const ns_SFN::Bools_t&, ns_SFN::Stats_t&, const FR&)’:
simplify-file-names.cpp:686:38: error: ‘__file_exists’ was not declared in this scope
    if (!__file_exists(OldName.c_str()))
                                      ^
simplify-file-names.cpp:720:37: error: ‘__file_exists’ was not declared in this scope
    if (__file_exists(NewName.c_str()))
                                     ^
/rhe/makehead:151: recipe for target 'simplify-file-names.exe' failed
make: [simplify-file-names.exe] Error 1 (ignored)
simplify-file-names.exe is up to date.
~~~~~~~~~~~~~~~~~~~~~~~~~~~~~~~~~~~~~~~~~~~~~~~~~~~~~~~~~~~~~~~~~
Using pattern rule %.exe:%.c to compile sizeofc.c to sizeofc.exe:
gcc  -I /rhe/include -Wall -Os -s   sizeofc.c -L/rhe/lib -lrh -lfl -ly -lm -o /rhe/bin/util/sizeofc.exe
sizeofc.exe is up to date.
~~~~~~~~~~~~~~~~~~~~~~~~~~~~~~~~~~~~~~~~~~~~~~~~~~~~~~~~~~~~~~~~~
Using pattern rule %.exe:%.cpp to compile sizeofcpp.cpp to sizeofcpp.exe:
g++ -I /rhe/include -Wall -std=c++11 -Os -s sizeofcpp.cpp -L/rhe/lib -lrh -lfl -ly -lm -o /rhe/bin/util/sizeofcpp.exe
sizeofcpp.exe is up to date.
~~~~~~~~~~~~~~~~~~~~~~~~~~~~~~~~~~~~~~~~~~~~~~~~~~~~~~~~~~~~~~~~~
Using pattern rule %.exe:%.cpp to compile sortdup.cpp to sortdup.exe:
g++ -I /rhe/include -Wall -std=c++11 -Os -s sortdup.cpp -L/rhe/lib -lrh -lfl -ly -lm -o /rhe/bin/util/sortdup.exe
sortdup.exe is up to date.
~~~~~~~~~~~~~~~~~~~~~~~~~~~~~~~~~~~~~~~~~~~~~~~~~~~~~~~~~~~~~~~~~
Using pattern rule %.exe:%.cpp to compile source-clean.cpp to source-clean.exe:
g++ -I /rhe/include -Wall -std=c++11 -Os -s source-clean.cpp -L/rhe/lib -lrh -lfl -ly -lm -o /rhe/bin/util/source-clean.exe
source-clean.cpp:25:17: fatal error: dir.h: No such file or directory
 #include <dir.h>
                 ^
compilation terminated.
/rhe/makehead:151: recipe for target 'source-clean.exe' failed
make: [source-clean.exe] Error 1 (ignored)
source-clean.exe is up to date.
~~~~~~~~~~~~~~~~~~~~~~~~~~~~~~~~~~~~~~~~~~~~~~~~~~~~~~~~~~~~~~~~~
Using pattern rule %.exe:%.cpp to compile source-lines.cpp to source-lines.exe:
g++ -I /rhe/include -Wall -std=c++11 -Os -s source-lines.cpp -L/rhe/lib -lrh -lfl -ly -lm -o /rhe/bin/util/source-lines.exe
source-lines.cpp:29:17: fatal error: dir.h: No such file or directory
 #include <dir.h>
                 ^
compilation terminated.
/rhe/makehead:151: recipe for target 'source-lines.exe' failed
make: [source-lines.exe] Error 1 (ignored)
source-lines.exe is up to date.
~~~~~~~~~~~~~~~~~~~~~~~~~~~~~~~~~~~~~~~~~~~~~~~~~~~~~~~~~~~~~~~~~
Using pattern rule %.exe:%.cpp to compile spellchk.cpp to spellchk.exe:
g++ -I /rhe/include -Wall -std=c++11 -Os -s spellchk.cpp -L/rhe/lib -lrh -lfl -ly -lm -o /rhe/bin/util/spellchk.exe
spellchk.exe is up to date.
~~~~~~~~~~~~~~~~~~~~~~~~~~~~~~~~~~~~~~~~~~~~~~~~~~~~~~~~~~~~~~~~~
Using pattern rule %.exe:%.cpp to compile substitute.cpp to substitute.exe:
g++ -I /rhe/include -Wall -std=c++11 -Os -s substitute.cpp -L/rhe/lib -lrh -lfl -ly -lm -o /rhe/bin/util/substitute.exe
substitute.exe is up to date.
~~~~~~~~~~~~~~~~~~~~~~~~~~~~~~~~~~~~~~~~~~~~~~~~~~~~~~~~~~~~~~~~~
Using pattern rule %.exe:%.cpp to compile template.cpp to template.exe:
g++ -I /rhe/include -Wall -std=c++11 -Os -s template.cpp -L/rhe/lib -lrh -lfl -ly -lm -o /rhe/bin/util/template.exe
template.cpp:47:19: fatal error: conio.h: No such file or directory
 #include <conio.h>
                   ^
compilation terminated.
/rhe/makehead:151: recipe for target 'template.exe' failed
make: [template.exe] Error 1 (ignored)
template.exe is up to date.
~~~~~~~~~~~~~~~~~~~~~~~~~~~~~~~~~~~~~~~~~~~~~~~~~~~~~~~~~~~~~~~~~
Using pattern rule %.exe:%.c to compile time1970.c to time1970.exe:
gcc  -I /rhe/include -Wall -Os -s   time1970.c -L/rhe/lib -lrh -lfl -ly -lm -o /rhe/bin/util/time1970.exe
time1970.c: In function ‘main’:
time1970.c:8:4: warning: format ‘%d’ expects argument of type ‘int’, but argument 2 has type ‘time_t’ [-Wformat=]
    printf("Time since 1-1-1970:  %d seconds.\n", Ommm ) ;
    ^
time1970.c:8:4: warning: format ‘%d’ expects argument of type ‘int’, but argument 2 has type ‘time_t’ [-Wformat=]
time1970.exe is up to date.
~~~~~~~~~~~~~~~~~~~~~~~~~~~~~~~~~~~~~~~~~~~~~~~~~~~~~~~~~~~~~~~~~
Using pattern rule %.exe:%.c to compile timedelay.c to timedelay.exe:
gcc  -I /rhe/include -Wall -Os -s   timedelay.c -L/rhe/lib -lrh -lfl -ly -lm -o /rhe/bin/util/timedelay.exe
timedelay.exe is up to date.
~~~~~~~~~~~~~~~~~~~~~~~~~~~~~~~~~~~~~~~~~~~~~~~~~~~~~~~~~~~~~~~~~
Using pattern rule %.exe:%.cpp to compile tokenize.cpp to tokenize.exe:
g++ -I /rhe/include -Wall -std=c++11 -Os -s tokenize.cpp -L/rhe/lib -lrh -lfl -ly -lm -o /rhe/bin/util/tokenize.exe
tokenize.exe is up to date.
~~~~~~~~~~~~~~~~~~~~~~~~~~~~~~~~~~~~~~~~~~~~~~~~~~~~~~~~~~~~~~~~~
Using pattern rule %.exe:%.cpp to compile undamage.cpp to undamage.exe:
g++ -I /rhe/include -Wall -std=c++11 -Os -s undamage.cpp -L/rhe/lib -lrh -lfl -ly -lm -o /rhe/bin/util/undamage.exe
undamage.cpp:39:19: fatal error: conio.h: No such file or directory
 #include <conio.h>
                   ^
compilation terminated.
/rhe/makehead:151: recipe for target 'undamage.exe' failed
make: [undamage.exe] Error 1 (ignored)
undamage.exe is up to date.
~~~~~~~~~~~~~~~~~~~~~~~~~~~~~~~~~~~~~~~~~~~~~~~~~~~~~~~~~~~~~~~~~
Using pattern rule %.exe:%.cpp to compile unique-file-names.cpp to unique-file-names.exe:
g++ -I /rhe/include -Wall -std=c++11 -Os -s unique-file-names.cpp -L/rhe/lib -lrh -lfl -ly -lm -o /rhe/bin/util/unique-file-names.exe
unique-file-names.exe is up to date.
~~~~~~~~~~~~~~~~~~~~~~~~~~~~~~~~~~~~~~~~~~~~~~~~~~~~~~~~~~~~~~~~~
Using pattern rule %.exe:%.cpp to compile unmark.cpp to unmark.exe:
g++ -I /rhe/include -Wall -std=c++11 -Os -s unmark.cpp -L/rhe/lib -lrh -lfl -ly -lm -o /rhe/bin/util/unmark.exe
unmark.exe is up to date.
~~~~~~~~~~~~~~~~~~~~~~~~~~~~~~~~~~~~~~~~~~~~~~~~~~~~~~~~~~~~~~~~~
Using pattern rule %.exe:%.cpp to compile unquote.cpp to unquote.exe:
g++ -I /rhe/include -Wall -std=c++11 -Os -s unquote.cpp -L/rhe/lib -lrh -lfl -ly -lm -o /rhe/bin/util/unquote.exe
unquote.exe is up to date.
~~~~~~~~~~~~~~~~~~~~~~~~~~~~~~~~~~~~~~~~~~~~~~~~~~~~~~~~~~~~~~~~~
Using pattern rule %.exe:%.cpp to compile untilde.cpp to untilde.exe:
g++ -I /rhe/include -Wall -std=c++11 -Os -s untilde.cpp -L/rhe/lib -lrh -lfl -ly -lm -o /rhe/bin/util/untilde.exe
untilde.exe is up to date.
~~~~~~~~~~~~~~~~~~~~~~~~~~~~~~~~~~~~~~~~~~~~~~~~~~~~~~~~~~~~~~~~~
Using pattern rule %.exe:%.cpp to compile wbztojpg.cpp to wbztojpg.exe:
g++ -I /rhe/include -Wall -std=c++11 -Os -s wbztojpg.cpp -L/rhe/lib -lrh -lfl -ly -lm -o /rhe/bin/util/wbztojpg.exe
wbztojpg.exe is up to date.
~~~~~~~~~~~~~~~~~~~~~~~~~~~~~~~~~~~~~~~~~~~~~~~~~~~~~~~~~~~~~~~~~
Using pattern rule %.exe:%.cpp to compile zero-one.cpp to zero-one.exe:
g++ -I /rhe/include -Wall -std=c++11 -Os -s zero-one.cpp -L/rhe/lib -lrh -lfl -ly -lm -o /rhe/bin/util/zero-one.exe
zero-one.exe is up to date.
~~~~~~~~~~~~~~~~~~~~~~~~~~~~~~~~~~~~~~~~~~~~~~~~~~~~~~~~~~~~~~~~~
Utility Program Collection is up to date.

Aragorn@Ketch
/rhe/src/util
%
